  main.cpp
d:\4-unv course\unv3-term1\computer graphics\code\1-opengl-homework\hw2-q1\ray_test\opengl\main.cpp(168): warning C4305: “初始化”: 从“double”到“float”截断
d:\4-unv course\unv3-term1\computer graphics\code\1-opengl-homework\hw2-q1\ray_test\opengl\main.cpp(179): warning C4305: “参数”: 从“double”到“const float”截断
d:\4-unv course\unv3-term1\computer graphics\code\1-opengl-homework\hw2-q1\ray_test\opengl\main.cpp(192): warning C4305: “初始化”: 从“double”到“float”截断
d:\4-unv course\unv3-term1\computer graphics\code\1-opengl-homework\hw2-q1\ray_test\opengl\main.cpp(231): warning C4244: “参数”: 从“double”转换到“const T”，可能丢失数据
          with
          [
              T=float
          ]
d:\4-unv course\unv3-term1\computer graphics\code\1-opengl-homework\hw2-q1\ray_test\opengl\main.cpp(251): warning C4305: “参数”: 从“double”到“T”截断
          with
          [
              T=float
          ]
d:\4-unv course\unv3-term1\computer graphics\code\1-opengl-homework\hw2-q1\ray_test\opengl\main.cpp(273): warning C4244: “初始化”: 从“double”转换到“float”，可能丢失数据
d:\4-unv course\unv3-term1\computer graphics\code\1-opengl-homework\hw2-q1\ray_test\opengl\main.cpp(283): warning C4244: “初始化”: 从“double”转换到“float”，可能丢失数据
d:\4-unv course\unv3-term1\computer graphics\code\1-opengl-homework\hw2-q1\ray_test\opengl\main.cpp(284): warning C4244: “初始化”: 从“double”转换到“float”，可能丢失数据
d:\4-unv course\unv3-term1\computer graphics\code\1-opengl-homework\hw2-q1\ray_test\opengl\main.cpp(313): warning C4244: “=”: 从“_Ty”转换到“unsigned char”，可能丢失数据
          with
          [
              _Ty=float
          ]
d:\4-unv course\unv3-term1\computer graphics\code\1-opengl-homework\hw2-q1\ray_test\opengl\main.cpp(314): warning C4244: “=”: 从“_Ty”转换到“unsigned char”，可能丢失数据
          with
          [
              _Ty=float
          ]
d:\4-unv course\unv3-term1\computer graphics\code\1-opengl-homework\hw2-q1\ray_test\opengl\main.cpp(315): warning C4244: “=”: 从“_Ty”转换到“unsigned char”，可能丢失数据
          with
          [
              _Ty=float
          ]
d:\4-unv course\unv3-term1\computer graphics\code\1-opengl-homework\hw2-q1\ray_test\opengl\main.cpp(366): warning C4305: “参数”: 从“double”到“T”截断
          with
          [
              T=float
          ]
d:\4-unv course\unv3-term1\computer graphics\code\1-opengl-homework\hw2-q1\ray_test\opengl\main.cpp(366): warning C4305: “参数”: 从“double”到“const float”截断
d:\4-unv course\unv3-term1\computer graphics\code\1-opengl-homework\hw2-q1\ray_test\opengl\main.cpp(421): warning C4305: “参数”: 从“double”到“T”截断
          with
          [
              T=float
          ]
  OpenGL.vcxproj -> D:\4-Unv Course\Unv3-term1\computer graphics\code\1-OpenGL-homework\hw2-Q1\ray_test\Debug\OpenGL.exe
