d:\4-unv course\unv3-term1\computer graphics\code\1-opengl-homework\hw1-q1\opengl\debug\vc141.pdb
d:\4-unv course\unv3-term1\computer graphics\code\1-opengl-homework\hw1-q1\opengl\debug\vc141.idb
d:\4-unv course\unv3-term1\computer graphics\code\1-opengl-homework\hw1-q1\opengl\debug\glad.obj
d:\4-unv course\unv3-term1\computer graphics\code\1-opengl-homework\hw1-q1\opengl\debug\main.obj
d:\4-unv course\unv3-term1\computer graphics\code\1-opengl-homework\hw2-q1\opengl\debug\vc141.pdb
d:\4-unv course\unv3-term1\computer graphics\code\1-opengl-homework\hw2-q1\opengl\debug\vc141.idb
d:\4-unv course\unv3-term1\computer graphics\code\1-opengl-homework\hw2-q1\opengl\debug\glad.obj
d:\4-unv course\unv3-term1\computer graphics\code\1-opengl-homework\hw2-q1\opengl\debug\main.obj
d:\4-unv course\unv3-term1\computer graphics\code\1-opengl-homework\hw1-q1\debug\opengl.ilk
d:\4-unv course\unv3-term1\computer graphics\code\1-opengl-homework\hw1-q1\debug\opengl.exe
d:\4-unv course\unv3-term1\computer graphics\code\1-opengl-homework\hw1-q1\debug\opengl.pdb
d:\4-unv course\unv3-term1\computer graphics\code\1-opengl-homework\hw2-q1\debug\opengl.exe
d:\4-unv course\unv3-term1\computer graphics\code\1-opengl-homework\hw2-q1\debug\opengl.ilk
d:\4-unv course\unv3-term1\computer graphics\code\1-opengl-homework\hw2-q1\debug\opengl.pdb
d:\4-unv course\unv3-term1\computer graphics\code\1-opengl-homework\hw2-q1\opengl\debug\opengl.tlog\cl.command.1.tlog
d:\4-unv course\unv3-term1\computer graphics\code\1-opengl-homework\hw2-q1\opengl\debug\opengl.tlog\cl.read.1.tlog
d:\4-unv course\unv3-term1\computer graphics\code\1-opengl-homework\hw2-q1\opengl\debug\opengl.tlog\cl.write.1.tlog
d:\4-unv course\unv3-term1\computer graphics\code\1-opengl-homework\hw2-q1\opengl\debug\opengl.tlog\link.command.1.tlog
d:\4-unv course\unv3-term1\computer graphics\code\1-opengl-homework\hw2-q1\opengl\debug\opengl.tlog\link.read.1.tlog
d:\4-unv course\unv3-term1\computer graphics\code\1-opengl-homework\hw2-q1\opengl\debug\opengl.tlog\link.write.1.tlog
