  main.cpp
d:\4-unv course\unv3-term1\computer graphics\code\1-opengl-homework\hw2-q1\opengl\main.cpp(169): warning C4305: “初始化”: 从“double”到“float”截断
d:\4-unv course\unv3-term1\computer graphics\code\1-opengl-homework\hw2-q1\opengl\main.cpp(181): warning C4305: “参数”: 从“double”到“const float”截断
d:\4-unv course\unv3-term1\computer graphics\code\1-opengl-homework\hw2-q1\opengl\main.cpp(194): warning C4305: “初始化”: 从“double”到“float”截断
d:\4-unv course\unv3-term1\computer graphics\code\1-opengl-homework\hw2-q1\opengl\main.cpp(233): warning C4244: “参数”: 从“double”转换到“const T”，可能丢失数据
          with
          [
              T=float
          ]
d:\4-unv course\unv3-term1\computer graphics\code\1-opengl-homework\hw2-q1\opengl\main.cpp(253): warning C4305: “参数”: 从“double”到“T”截断
          with
          [
              T=float
          ]
d:\4-unv course\unv3-term1\computer graphics\code\1-opengl-homework\hw2-q1\opengl\main.cpp(275): warning C4244: “初始化”: 从“double”转换到“float”，可能丢失数据
d:\4-unv course\unv3-term1\computer graphics\code\1-opengl-homework\hw2-q1\opengl\main.cpp(285): warning C4244: “初始化”: 从“double”转换到“float”，可能丢失数据
d:\4-unv course\unv3-term1\computer graphics\code\1-opengl-homework\hw2-q1\opengl\main.cpp(286): warning C4244: “初始化”: 从“double”转换到“float”，可能丢失数据
d:\4-unv course\unv3-term1\computer graphics\code\1-opengl-homework\hw2-q1\opengl\main.cpp(315): warning C4244: “=”: 从“_Ty”转换到“unsigned char”，可能丢失数据
          with
          [
              _Ty=float
          ]
d:\4-unv course\unv3-term1\computer graphics\code\1-opengl-homework\hw2-q1\opengl\main.cpp(316): warning C4244: “=”: 从“_Ty”转换到“unsigned char”，可能丢失数据
          with
          [
              _Ty=float
          ]
d:\4-unv course\unv3-term1\computer graphics\code\1-opengl-homework\hw2-q1\opengl\main.cpp(317): warning C4244: “=”: 从“_Ty”转换到“unsigned char”，可能丢失数据
          with
          [
              _Ty=float
          ]
d:\4-unv course\unv3-term1\computer graphics\code\1-opengl-homework\hw2-q1\opengl\main.cpp(367): warning C4305: “参数”: 从“double”到“T”截断
          with
          [
              T=float
          ]
d:\4-unv course\unv3-term1\computer graphics\code\1-opengl-homework\hw2-q1\opengl\main.cpp(367): warning C4305: “参数”: 从“double”到“const float”截断
d:\4-unv course\unv3-term1\computer graphics\code\1-opengl-homework\hw2-q1\opengl\main.cpp(422): warning C4305: “参数”: 从“double”到“T”截断
          with
          [
              T=float
          ]
  OpenGL.vcxproj -> D:\4-Unv Course\Unv3-term1\computer graphics\code\1-OpenGL-homework\hw2-Q1\Debug\OpenGL.exe
